<?xml version="1.0" encoding="UTF-8"?>
<testng-results skipped="0" failed="0" ignored="0" total="1" passed="1">
  <reporter-output>
  </reporter-output>
  <suite name="TestNG ClickUp Integration Suite" duration-ms="1190" started-at="2021-11-08T02:30:09 MEZ" finished-at="2021-11-08T02:30:10 MEZ">
    <groups>
    </groups>
    <test name="All Tests" duration-ms="1190" started-at="2021-11-08T02:30:09 MEZ" finished-at="2021-11-08T02:30:10 MEZ">
      <class name="com.matthiasrothe.testng.ClickUpReporterTest">
        <test-method status="PASS" signature="shouldSucceed()[pri:0, instance:com.matthiasrothe.testng.ClickUpReporterTest@1445d7f]" name="shouldSucceed" duration-ms="10" started-at="2021-11-08T02:30:09 MEZ" finished-at="2021-11-08T02:30:09 MEZ">
          <reporter-output>
          </reporter-output>
        </test-method> <!-- shouldSucceed -->
      </class> <!-- com.matthiasrothe.testng.ClickUpReporterTest -->
    </test> <!-- All Tests -->
  </suite> <!-- TestNG ClickUp Integration Suite -->
</testng-results>
